Using pre-set license
Built from '2020.3/staging' branch; Version is '2020.3.19f1 (68f137dc9bbe) revision 6877495'; Using compiler version '192528614'; Build Type 'Release'
OS: 'Windows 10 Home; OS build 19042.1237; Version 2009; 64bit' Language: 'fr' Physical Memory: 8101 MB
BatchMode: 1, IsHumanControllingUs: 0, StartBugReporterOnCrash: 0, Is64bit: 1, IsPro: 0

COMMAND LINE ARGUMENTS:
C:\Program Files\Unity\Hub\Editor\2020.3.19f1\Editor\Unity.exe
-adb2
-batchMode
-noUpm
-name
AssetImportWorker0
-projectPath
C:/Users/Utilisateur/Duel_Game_Maela.LG_Bastien.C_Coding2
-logFile
Logs/AssetImportWorker0.log
-srvPort
54620
Successfully changed project path to: C:/Users/Utilisateur/Duel_Game_Maela.LG_Bastien.C_Coding2
C:/Users/Utilisateur/Duel_Game_Maela.LG_Bastien.C_Coding2
Using Asset Import Pipeline V2.
Refreshing native plugins compatible for Editor in 38.73 ms, found 2 plugins.
Preloading 0 native plugins for Editor in 0.00 ms.
Initialize engine version: 2020.3.19f1 (68f137dc9bbe)
[Subsystems] Discovering subsystems at path C:/Program Files/Unity/Hub/Editor/2020.3.19f1/Editor/Data/Resources/UnitySubsystems
[Subsystems] Discovering subsystems at path C:/Users/Utilisateur/Duel_Game_Maela.LG_Bastien.C_Coding2/Assets
GfxDevice: creating device client; threaded=0
Direct3D:
    Version:  Direct3D 11.0 [level 11.0]
    Renderer: NVIDIA GeForce MX110 (ID=0x174e)
    Vendor:   
    VRAM:     2010 MB
    Driver:   24.21.13.9836
Initialize mono
Mono path[0] = 'C:/Program Files/Unity/Hub/Editor/2020.3.19f1/Editor/Data/Managed'
Mono path[1] = 'C:/Program Files/Unity/Hub/Editor/2020.3.19f1/Editor/Data/MonoBleedingEdge/lib/mono/unityjit'
Mono config path = 'C:/Program Files/Unity/Hub/Editor/2020.3.19f1/Editor/Data/MonoBleedingEdge/etc'
Using monoOptions --debugger-agent=transport=dt_socket,embedding=1,server=y,suspend=n,address=127.0.0.1:56372
Begin MonoManager ReloadAssembly
Registering precompiled unity dll's ...
Register platform support module: C:/Program Files/Unity/Hub/Editor/2020.3.19f1/Editor/Data/PlaybackEngines/WindowsStandaloneSupport/UnityEditor.WindowsStandalone.Extensions.dll
Registered in 0.004579 seconds.
Native extension for WindowsStandalone target not found
Refreshing native plugins compatible for Editor in 40.92 ms, found 2 plugins.
Preloading 0 native plugins for Editor in 0.00 ms.
Mono: successfully reloaded assembly
- Completed reload, in  3.655 seconds
Domain Reload Profiling:
	ReloadAssembly (3656ms)
		BeginReloadAssembly (990ms)
			ExecutionOrderSort (0ms)
			DisableScriptedObjects (0ms)
			BackupInstance (0ms)
			ReleaseScriptingObjects (0ms)
			CreateAndSetChildDomain (9ms)
		EndReloadAssembly (607ms)
			LoadAssemblies (909ms)
			RebuildTransferFunctionScriptingTraits (0ms)
			SetupTypeCache (195ms)
			ReleaseScriptCaches (0ms)
			RebuildScriptCaches (40ms)
			SetupLoadedEditorAssemblies (272ms)
				LogAssemblyErrors (0ms)
				InitializePlatformSupportModulesInManaged (5ms)
				SetLoadedEditorAssemblies (0ms)
				RefreshPlugins (41ms)
				BeforeProcessingInitializeOnLoad (29ms)
				ProcessInitializeOnLoadAttributes (141ms)
				ProcessInitializeOnLoadMethodAttributes (54ms)
				AfterProcessingInitializeOnLoad (0ms)
				EditorAssembliesLoaded (0ms)
			ExecutionOrderSort2 (0ms)
			AwakeInstancesAfterBackupRestoration (0ms)
Platform modules already initialized, skipping
Registering precompiled user dll's ...
Registered in 0.009807 seconds.
Begin MonoManager ReloadAssembly
Native extension for WindowsStandalone target not found
Refreshing native plugins compatible for Editor in 0.35 ms, found 2 plugins.
Preloading 0 native plugins for Editor in 0.00 ms.
Mono: successfully reloaded assembly
- Completed reload, in  1.514 seconds
Domain Reload Profiling:
	ReloadAssembly (1516ms)
		BeginReloadAssembly (247ms)
			ExecutionOrderSort (0ms)
			DisableScriptedObjects (5ms)
			BackupInstance (0ms)
			ReleaseScriptingObjects (0ms)
			CreateAndSetChildDomain (28ms)
		EndReloadAssembly (1155ms)
			LoadAssemblies (154ms)
			RebuildTransferFunctionScriptingTraits (0ms)
			SetupTypeCache (347ms)
			ReleaseScriptCaches (0ms)
			RebuildScriptCaches (51ms)
			SetupLoadedEditorAssemblies (511ms)
				LogAssemblyErrors (0ms)
				InitializePlatformSupportModulesInManaged (6ms)
				SetLoadedEditorAssemblies (1ms)
				RefreshPlugins (0ms)
				BeforeProcessingInitializeOnLoad (123ms)
				ProcessInitializeOnLoadAttributes (360ms)
				ProcessInitializeOnLoadMethodAttributes (6ms)
				AfterProcessingInitializeOnLoad (15ms)
				EditorAssembliesLoaded (0ms)
			ExecutionOrderSort2 (0ms)
			AwakeInstancesAfterBackupRestoration (10ms)
Platform modules already initialized, skipping
========================================================================
Worker process is ready to serve import requests
Launched and connected shader compiler UnityShaderCompiler.exe after 0.05 seconds
Refreshing native plugins compatible for Editor in 0.58 ms, found 2 plugins.
Preloading 0 native plugins for Editor in 0.00 ms.
Unloading 1397 Unused Serialized files (Serialized files now loaded: 0)
System memory in use before: 64.9 MB.
System memory in use after: 64.9 MB.

Unloading 16 unused Assets to reduce memory usage. Loaded Objects now: 1832.
Total: 4.772300 ms (FindLiveObjects: 0.260100 ms CreateObjectMapping: 0.101600 ms MarkObjects: 4.303400 ms  DeleteObjects: 0.105200 ms)

AssetImportParameters requested are different than current active one (requested -> active):
  custom:framework-win-MediaFoundation: 216162199b28c13a410421893ffa2e32 -> 
  custom:video-decoder-ogg-theora: a1e56fd34408186e4bbccfd4996cb3dc -> 
  custom:container-muxer-webm: aa71ff27fc2769a1b78a27578f13a17b -> 
  custom:container-demuxer-webm: 4f35f7cbe854078d1ac9338744f61a02 -> 
  custom:container-demuxer-ogg: 62fdf1f143b41e24485cea50d1cbac27 -> 
  custom:video-encoder-webm-vp8: eb34c28f22e8b96e1ab97ce403110664 -> 
  custom:video-decoder-webm-vp8: 9c59270c3fd7afecdb556c50c9e8de78 -> 
  custom:audio-decoder-ogg-vorbis: bf7c407c2cedff20999df2af8eb42d56 -> 
  custom:audio-encoder-webm-vorbis: bf7c407c2cedff20999df2af8eb42d56 -> 
========================================================================
Received Import Request.
  path: Packages/com.unity.textmeshpro/package.json
  artifactKey: Guid(220e9325710f4235a43492dd1ee4980d) Importer(815301076,1909f56bfc062723c751e8b465ee728b)
Start importing Packages/com.unity.textmeshpro/package.json using Guid(220e9325710f4235a43492dd1ee4980d) Importer(815301076,1909f56bfc062723c751e8b465ee728b)  -> (artifact id: '2c6d4de5db3a39bcb3575c98dc9df750') in 0.075050 seconds 
  Import took 0.083479 seconds .

========================================================================
Received Import Request.
  Time since last request: 0.000607 seconds.
  path: Packages/com.unity.ext.nunit/package.json
  artifactKey: Guid(8143d3a8390f2c64685e3bc272bd9e90) Importer(815301076,1909f56bfc062723c751e8b465ee728b)
Start importing Packages/com.unity.ext.nunit/package.json using Guid(8143d3a8390f2c64685e3bc272bd9e90) Importer(815301076,1909f56bfc062723c751e8b465ee728b)  -> (artifact id: '36f449bd9ed4a92e06d659da724da745') in 0.005676 seconds 
  Import took 0.010519 seconds .

========================================================================
Received Import Request.
  Time since last request: 400.150943 seconds.
  path: Assets/Brackeys/2D Mega Pack
  artifactKey: Guid(3f97bd75468a3704282bde6d8dcfaaba) Importer(815301076,1909f56bfc062723c751e8b465ee728b)
Start importing Assets/Brackeys/2D Mega Pack using Guid(3f97bd75468a3704282bde6d8dcfaaba) Importer(815301076,1909f56bfc062723c751e8b465ee728b)  -> (artifact id: '50f6e0183897359bb165072dce2472bf') in 0.005447 seconds 
  Import took 0.008803 seconds .

========================================================================
Received Import Request.
  Time since last request: 5.151554 seconds.
  path: Assets/Brackeys/2D Mega Pack/-- Example Photos --
  artifactKey: Guid(f7d7abb4a000bc947a5d02dbbac1b36f) Importer(815301076,1909f56bfc062723c751e8b465ee728b)
Start importing Assets/Brackeys/2D Mega Pack/-- Example Photos -- using Guid(f7d7abb4a000bc947a5d02dbbac1b36f) Importer(815301076,1909f56bfc062723c751e8b465ee728b)  -> (artifact id: 'cb3ca52267bb964180cbac06193bb13e') in 0.004795 seconds 
  Import took 0.008346 seconds .

========================================================================
Received Import Request.
  Time since last request: 0.074014 seconds.
  path: Assets/Brackeys/2D Mega Pack/-- Example Photos --/Crafting Example.PNG
  artifactKey: Guid(a4d8cf470cb38154fb8591eed220cddd) Importer(815301076,1909f56bfc062723c751e8b465ee728b)
Start importing Assets/Brackeys/2D Mega Pack/-- Example Photos --/Crafting Example.PNG using Guid(a4d8cf470cb38154fb8591eed220cddd) Importer(815301076,1909f56bfc062723c751e8b465ee728b)  -> (artifact id: 'de2c46dbab18c59c01ab8b3ca5ed3b73') in 0.168532 seconds 
  Import took 0.171500 seconds .

========================================================================
Received Import Request.
  Time since last request: 0.000344 seconds.
  path: Assets/Brackeys/2D Mega Pack/-- Example Photos --/Farm Example.png
  artifactKey: Guid(67a5f1872968ee9419119635bfcbf33d) Importer(815301076,1909f56bfc062723c751e8b465ee728b)
Start importing Assets/Brackeys/2D Mega Pack/-- Example Photos --/Farm Example.png using Guid(67a5f1872968ee9419119635bfcbf33d) Importer(815301076,1909f56bfc062723c751e8b465ee728b)  -> (artifact id: '73645ae079f0678a3cd77b022b960903') in 0.157142 seconds 
  Import took 0.169714 seconds .

========================================================================
Received Import Request.
  Time since last request: 0.001319 seconds.
  path: Assets/Brackeys/2D Mega Pack/-- Example Photos --/Dungeon Puzzle Example.png
  artifactKey: Guid(a6a22e0c395be6049bb58c2edebd5c4e) Importer(815301076,1909f56bfc062723c751e8b465ee728b)
Start importing Assets/Brackeys/2D Mega Pack/-- Example Photos --/Dungeon Puzzle Example.png using Guid(a6a22e0c395be6049bb58c2edebd5c4e) Importer(815301076,1909f56bfc062723c751e8b465ee728b)  -> (artifact id: '2921ae0982f1acfc1ea261e499aa7e4e') in 0.209497 seconds 
  Import took 0.227764 seconds .

========================================================================
Received Import Request.
  Time since last request: 0.001355 seconds.
  path: Assets/Brackeys/2D Mega Pack/-- Example Photos --/Gothic Rogue-like Example.png
  artifactKey: Guid(7576666deaabf1445bc7f71d96a0162e) Importer(815301076,1909f56bfc062723c751e8b465ee728b)
Start importing Assets/Brackeys/2D Mega Pack/-- Example Photos --/Gothic Rogue-like Example.png using Guid(7576666deaabf1445bc7f71d96a0162e) Importer(815301076,1909f56bfc062723c751e8b465ee728b)  -> (artifact id: '88eeba77a104ea96eeb6bb9de4f29173') in 0.305785 seconds 
  Import took 0.322593 seconds .

========================================================================
Received Import Request.
  Time since last request: 0.001296 seconds.
  path: Assets/Brackeys/2D Mega Pack/-- Example Photos --/Gold Miner Example.png
  artifactKey: Guid(0eee6b3f41fb0134d80930957ef67fb6) Importer(815301076,1909f56bfc062723c751e8b465ee728b)
Start importing Assets/Brackeys/2D Mega Pack/-- Example Photos --/Gold Miner Example.png using Guid(0eee6b3f41fb0134d80930957ef67fb6) Importer(815301076,1909f56bfc062723c751e8b465ee728b)  -> (artifact id: '5a52bb26947e1d4076253796fa2e824e') in 0.271596 seconds 
  Import took 0.297871 seconds .

========================================================================
Received Import Request.
  Time since last request: 0.002326 seconds.
  path: Assets/Brackeys/2D Mega Pack/-- Example Photos --/Retro Platformer Example.png
  artifactKey: Guid(10a0eaf66baf3454bbbba17ad579aec9) Importer(815301076,1909f56bfc062723c751e8b465ee728b)
Start importing Assets/Brackeys/2D Mega Pack/-- Example Photos --/Retro Platformer Example.png using Guid(10a0eaf66baf3454bbbba17ad579aec9) Importer(815301076,1909f56bfc062723c751e8b465ee728b)  -> (artifact id: 'df59988cd2e577813c9e9455930e6534') in 0.209592 seconds 
  Import took 0.244115 seconds .

========================================================================
Received Import Request.
  Time since last request: 0.001633 seconds.
  path: Assets/Brackeys/2D Mega Pack/-- Example Photos --/Top-down Arcade Example.png
  artifactKey: Guid(b883181ca5756c94b983ff371807da40) Importer(815301076,1909f56bfc062723c751e8b465ee728b)
Start importing Assets/Brackeys/2D Mega Pack/-- Example Photos --/Top-down Arcade Example.png using Guid(b883181ca5756c94b983ff371807da40) Importer(815301076,1909f56bfc062723c751e8b465ee728b)  -> (artifact id: 'd71212aa19a7ad4b6f117af3cab62e70') in 0.293428 seconds 
  Import took 0.379405 seconds .

========================================================================
Received Import Request.
  Time since last request: 0.014224 seconds.
  path: Assets/Brackeys/2D Mega Pack/-- Example Photos --/Shape Shooter Example.PNG
  artifactKey: Guid(b6d302bd7a3b85048a384dc6b0610011) Importer(815301076,1909f56bfc062723c751e8b465ee728b)
Start importing Assets/Brackeys/2D Mega Pack/-- Example Photos --/Shape Shooter Example.PNG using Guid(b6d302bd7a3b85048a384dc6b0610011) Importer(815301076,1909f56bfc062723c751e8b465ee728b)  -> (artifact id: '97b6bf2877b01c9ca37bcf68b87a0ab9') in 0.160611 seconds 
  Import took 0.190218 seconds .

========================================================================
Received Import Request.
  Time since last request: 0.000235 seconds.
  path: Assets/Brackeys/2D Mega Pack/-- Example Photos --/Pong Example.png
  artifactKey: Guid(8de1383f09bd7e447bfaaa8c2e6c0219) Importer(815301076,1909f56bfc062723c751e8b465ee728b)
Start importing Assets/Brackeys/2D Mega Pack/-- Example Photos --/Pong Example.png using Guid(8de1383f09bd7e447bfaaa8c2e6c0219) Importer(815301076,1909f56bfc062723c751e8b465ee728b)  -> (artifact id: '05c470119a5090862e3c1ddd8f7776ac') in 0.043425 seconds 
  Import took 0.047042 seconds .

========================================================================
Received Import Request.
  Time since last request: 0.000256 seconds.
  path: Assets/Brackeys/2D Mega Pack/-- Example Photos --/Stick Figure Example.png
  artifactKey: Guid(53957bfc90a783f4690ebf0afa8a713b) Importer(815301076,1909f56bfc062723c751e8b465ee728b)
Start importing Assets/Brackeys/2D Mega Pack/-- Example Photos --/Stick Figure Example.png using Guid(53957bfc90a783f4690ebf0afa8a713b) Importer(815301076,1909f56bfc062723c751e8b465ee728b)  -> (artifact id: '39999eea1121f4c6bf00750b499a1b91') in 0.030405 seconds 
  Import took 0.033518 seconds .

========================================================================
Received Import Request.
  Time since last request: 3.197670 seconds.
  path: Assets/Brackeys/2D Mega Pack/Characters
  artifactKey: Guid(d9b6c188ea84ee5449f418bc1623dfa4) Importer(815301076,1909f56bfc062723c751e8b465ee728b)
Start importing Assets/Brackeys/2D Mega Pack/Characters using Guid(d9b6c188ea84ee5449f418bc1623dfa4) Importer(815301076,1909f56bfc062723c751e8b465ee728b)  -> (artifact id: '92276604c5004bfe4fc8483ecd00aac7') in 0.006102 seconds 
  Import took 0.009528 seconds .

========================================================================
Received Import Request.
  Time since last request: 0.074788 seconds.
  path: Assets/Brackeys/2D Mega Pack/Characters/ArcadePlayer.png
  artifactKey: Guid(b4c6e7d0285655f4a9db7355ab7ea678) Importer(815301076,1909f56bfc062723c751e8b465ee728b)
Start importing Assets/Brackeys/2D Mega Pack/Characters/ArcadePlayer.png using Guid(b4c6e7d0285655f4a9db7355ab7ea678) Importer(815301076,1909f56bfc062723c751e8b465ee728b)  -> (artifact id: '06cb434044a50d1d9460105d126da756') in 0.013496 seconds 
  Import took 0.016265 seconds .

========================================================================
Received Import Request.
  Time since last request: 0.000335 seconds.
  path: Assets/Brackeys/2D Mega Pack/Characters/Wizard.png
  artifactKey: Guid(c98b9cd543d1a6d448e27babb81798a0) Importer(815301076,1909f56bfc062723c751e8b465ee728b)
Start importing Assets/Brackeys/2D Mega Pack/Characters/Wizard.png using Guid(c98b9cd543d1a6d448e27babb81798a0) Importer(815301076,1909f56bfc062723c751e8b465ee728b)  -> (artifact id: '51f9bed4172f19c597bd9e93beea8360') in 0.030961 seconds 
  Import took 0.034036 seconds .

========================================================================
Received Import Request.
  Time since last request: 0.000350 seconds.
  path: Assets/Brackeys/2D Mega Pack/Characters/PongPlayer.png
  artifactKey: Guid(3f5d8b39358f65040ade5d7096bc8085) Importer(815301076,1909f56bfc062723c751e8b465ee728b)
Start importing Assets/Brackeys/2D Mega Pack/Characters/PongPlayer.png using Guid(3f5d8b39358f65040ade5d7096bc8085) Importer(815301076,1909f56bfc062723c751e8b465ee728b)  -> (artifact id: '780fb57336fc092da51160718240aa7f') in 0.022256 seconds 
  Import took 0.026894 seconds .

========================================================================
Received Import Request.
  Time since last request: 0.000445 seconds.
  path: Assets/Brackeys/2D Mega Pack/Characters/Astronaut.png
  artifactKey: Guid(a0e7f1167efba544bb8d6e3198ae44f9) Importer(815301076,1909f56bfc062723c751e8b465ee728b)
Start importing Assets/Brackeys/2D Mega Pack/Characters/Astronaut.png using Guid(a0e7f1167efba544bb8d6e3198ae44f9) Importer(815301076,1909f56bfc062723c751e8b465ee728b)  -> (artifact id: '718f91786880ecc82e4cce78299443a0') in 0.054107 seconds 
  Import took 0.057048 seconds .

========================================================================
Received Import Request.
  Time since last request: 0.000337 seconds.
  path: Assets/Brackeys/2D Mega Pack/Characters/Detective.png
  artifactKey: Guid(f776e2e9690501e41a2e5b81ceb440b9) Importer(815301076,1909f56bfc062723c751e8b465ee728b)
Start importing Assets/Brackeys/2D Mega Pack/Characters/Detective.png using Guid(f776e2e9690501e41a2e5b81ceb440b9) Importer(815301076,1909f56bfc062723c751e8b465ee728b)  -> (artifact id: '5bb84969bab6dbcd1d29f6b99883b9d3') in 0.059684 seconds 
  Import took 0.062256 seconds .

========================================================================
Received Import Request.
  Time since last request: 0.000298 seconds.
  path: Assets/Brackeys/2D Mega Pack/Characters/MrPeanut.png
  artifactKey: Guid(25dbfbd01b6dc0c49a048b76d7f7368f) Importer(815301076,1909f56bfc062723c751e8b465ee728b)
Start importing Assets/Brackeys/2D Mega Pack/Characters/MrPeanut.png using Guid(25dbfbd01b6dc0c49a048b76d7f7368f) Importer(815301076,1909f56bfc062723c751e8b465ee728b)  -> (artifact id: 'b0c98647f70cb90a69d531f3fbf5486a') in 0.027074 seconds 
  Import took 0.030032 seconds .

========================================================================
Received Import Request.
  Time since last request: 0.000251 seconds.
  path: Assets/Brackeys/2D Mega Pack/Characters/MrPickle.png
  artifactKey: Guid(9caa2d1bf58529846b51604707b587f6) Importer(815301076,1909f56bfc062723c751e8b465ee728b)
Start importing Assets/Brackeys/2D Mega Pack/Characters/MrPickle.png using Guid(9caa2d1bf58529846b51604707b587f6) Importer(815301076,1909f56bfc062723c751e8b465ee728b)  -> (artifact id: 'ef2fb5a6d2758973a43437813b497492') in 0.025938 seconds 
  Import took 0.029848 seconds .

========================================================================
Received Import Request.
  Time since last request: 0.000288 seconds.
  path: Assets/Brackeys/2D Mega Pack/Characters/Miner.png
  artifactKey: Guid(774fe8dccef69a44d9179e4529aea50c) Importer(815301076,1909f56bfc062723c751e8b465ee728b)
Start importing Assets/Brackeys/2D Mega Pack/Characters/Miner.png using Guid(774fe8dccef69a44d9179e4529aea50c) Importer(815301076,1909f56bfc062723c751e8b465ee728b)  -> (artifact id: '23a7ddd6b2402cada66d057c1b41384b') in 0.021206 seconds 
  Import took 0.025682 seconds .

========================================================================
Received Import Request.
  Time since last request: 33.519399 seconds.
  path: Assets/Brackeys/2D Mega Pack/Characters/Soldiers
  artifactKey: Guid(b0b49778e9ec8834295bb09940cf47be) Importer(815301076,1909f56bfc062723c751e8b465ee728b)
Start importing Assets/Brackeys/2D Mega Pack/Characters/Soldiers using Guid(b0b49778e9ec8834295bb09940cf47be) Importer(815301076,1909f56bfc062723c751e8b465ee728b)  -> (artifact id: '0c49ee69c871623dc85b527b11fd1c08') in 0.004237 seconds 
  Import took 0.007495 seconds .

========================================================================
Received Import Request.
  Time since last request: 0.085236 seconds.
  path: Assets/Brackeys/2D Mega Pack/Characters/Soldiers/Soldiers.png
  artifactKey: Guid(2164a1816f29acf45ad76327ffa671c7) Importer(815301076,1909f56bfc062723c751e8b465ee728b)
Start importing Assets/Brackeys/2D Mega Pack/Characters/Soldiers/Soldiers.png using Guid(2164a1816f29acf45ad76327ffa671c7) Importer(815301076,1909f56bfc062723c751e8b465ee728b)  -> (artifact id: '41d5aa8a24f39394e3444d931d4231b6') in 0.082979 seconds 
  Import took 0.086067 seconds .

========================================================================
Received Import Request.
  Time since last request: 0.000399 seconds.
  path: Assets/Brackeys/2D Mega Pack/Characters/Soldiers/SoldiersFront.png
  artifactKey: Guid(db4367b3d41bdbb418fa7bdeea71e49e) Importer(815301076,1909f56bfc062723c751e8b465ee728b)
Start importing Assets/Brackeys/2D Mega Pack/Characters/Soldiers/SoldiersFront.png using Guid(db4367b3d41bdbb418fa7bdeea71e49e) Importer(815301076,1909f56bfc062723c751e8b465ee728b)  -> (artifact id: 'f84a33e47a141cd46c077466badb3e33') in 0.016406 seconds 
  Import took 0.019962 seconds .

========================================================================
Received Import Request.
  Time since last request: 1.291876 seconds.
  path: Assets/Brackeys/2D Mega Pack/Characters/Soldiers/Animation
  artifactKey: Guid(61a59daf18bb2ba47bfccad394124506) Importer(815301076,1909f56bfc062723c751e8b465ee728b)
Start importing Assets/Brackeys/2D Mega Pack/Characters/Soldiers/Animation using Guid(61a59daf18bb2ba47bfccad394124506) Importer(815301076,1909f56bfc062723c751e8b465ee728b)  -> (artifact id: '1321aee82396053d3af4f28029fee8f1') in 0.004457 seconds 
  Import took 0.008227 seconds .

========================================================================
Received Import Request.
  Time since last request: 4.863525 seconds.
  path: Assets/Brackeys/2D Mega Pack/Enemies
  artifactKey: Guid(92f04314ab1e01a4fae4487a854693e2) Importer(815301076,1909f56bfc062723c751e8b465ee728b)
Start importing Assets/Brackeys/2D Mega Pack/Enemies using Guid(92f04314ab1e01a4fae4487a854693e2) Importer(815301076,1909f56bfc062723c751e8b465ee728b)  -> (artifact id: '904cee3c1c8881eeb393b4b4767a5fc0') in 0.004229 seconds 
  Import took 0.008200 seconds .

========================================================================
Received Import Request.
  Time since last request: 0.086042 seconds.
  path: Assets/Brackeys/2D Mega Pack/Enemies/AlienSpaceship.png
  artifactKey: Guid(a8166ea434d337349818825bff42d2f6) Importer(815301076,1909f56bfc062723c751e8b465ee728b)
Start importing Assets/Brackeys/2D Mega Pack/Enemies/AlienSpaceship.png using Guid(a8166ea434d337349818825bff42d2f6) Importer(815301076,1909f56bfc062723c751e8b465ee728b)  -> (artifact id: '7c940f338f84412c5950e772ec1a86cb') in 0.012155 seconds 
  Import took 0.015247 seconds .

========================================================================
Received Import Request.
  Time since last request: 0.000280 seconds.
  path: Assets/Brackeys/2D Mega Pack/Enemies/Canon.png
  artifactKey: Guid(8bfadec067237c04ab16144f6847e733) Importer(815301076,1909f56bfc062723c751e8b465ee728b)
Start importing Assets/Brackeys/2D Mega Pack/Enemies/Canon.png using Guid(8bfadec067237c04ab16144f6847e733) Importer(815301076,1909f56bfc062723c751e8b465ee728b)  -> (artifact id: '57e1dfa1150745c5ad591bb5512dfad9') in 0.074582 seconds 
  Import took 0.091811 seconds .

========================================================================
Received Import Request.
  Time since last request: 0.001792 seconds.
  path: Assets/Brackeys/2D Mega Pack/Enemies/Bullet.png
  artifactKey: Guid(9a397e83c4c3c994c988babb654f2b5d) Importer(815301076,1909f56bfc062723c751e8b465ee728b)
Start importing Assets/Brackeys/2D Mega Pack/Enemies/Bullet.png using Guid(9a397e83c4c3c994c988babb654f2b5d) Importer(815301076,1909f56bfc062723c751e8b465ee728b)  -> (artifact id: '4801613d4404666cf87065824643790d') in 0.098434 seconds 
  Import took 0.125539 seconds .

========================================================================
Received Import Request.
  Time since last request: 0.000429 seconds.
  path: Assets/Brackeys/2D Mega Pack/Enemies/Crow.png
  artifactKey: Guid(7ed863ccbdc96f0438cc78a3c684e3e0) Importer(815301076,1909f56bfc062723c751e8b465ee728b)
Start importing Assets/Brackeys/2D Mega Pack/Enemies/Crow.png using Guid(7ed863ccbdc96f0438cc78a3c684e3e0) Importer(815301076,1909f56bfc062723c751e8b465ee728b)  -> (artifact id: '41a736ee67f92cdb9a6e77644633e22c') in 0.121940 seconds 
  Import took 0.149442 seconds .

========================================================================
Received Import Request.
  Time since last request: 0.001397 seconds.
  path: Assets/Brackeys/2D Mega Pack/Enemies/SpikyBall.png
  artifactKey: Guid(a2d68081d156f704bb974b65c4ba11c6) Importer(815301076,1909f56bfc062723c751e8b465ee728b)
Start importing Assets/Brackeys/2D Mega Pack/Enemies/SpikyBall.png using Guid(a2d68081d156f704bb974b65c4ba11c6) Importer(815301076,1909f56bfc062723c751e8b465ee728b)  -> (artifact id: '40c7a7f23f0054069d46ec1627dc93c1') in 0.123898 seconds 
  Import took 0.147638 seconds .

========================================================================
Received Import Request.
  Time since last request: 1.935423 seconds.
  path: Assets/Brackeys/2D Mega Pack/Enemies/Insects
  artifactKey: Guid(b7fa61fe51b85374db4295ace9446ed6) Importer(815301076,1909f56bfc062723c751e8b465ee728b)
Start importing Assets/Brackeys/2D Mega Pack/Enemies/Insects using Guid(b7fa61fe51b85374db4295ace9446ed6) Importer(815301076,1909f56bfc062723c751e8b465ee728b)  -> (artifact id: '229585371f84644e705b7b3fcaee290e') in 0.005384 seconds 
  Import took 0.008390 seconds .

========================================================================
Received Import Request.
  Time since last request: 0.071692 seconds.
  path: Assets/Brackeys/2D Mega Pack/Enemies/Insects/Beetle.png
  artifactKey: Guid(a50747b7090647445a1aa71f3aefd771) Importer(815301076,1909f56bfc062723c751e8b465ee728b)
Start importing Assets/Brackeys/2D Mega Pack/Enemies/Insects/Beetle.png using Guid(a50747b7090647445a1aa71f3aefd771) Importer(815301076,1909f56bfc062723c751e8b465ee728b)  -> (artifact id: '7690aaa4cad291fecbde981549376aac') in 0.019124 seconds 
  Import took 0.022033 seconds .

========================================================================
Received Import Request.
  Time since last request: 0.000329 seconds.
  path: Assets/Brackeys/2D Mega Pack/Enemies/Insects/GiantBeetle.png
  artifactKey: Guid(dfe2da12be5f5994286f281b2cde6656) Importer(815301076,1909f56bfc062723c751e8b465ee728b)
Start importing Assets/Brackeys/2D Mega Pack/Enemies/Insects/GiantBeetle.png using Guid(dfe2da12be5f5994286f281b2cde6656) Importer(815301076,1909f56bfc062723c751e8b465ee728b)  -> (artifact id: '57d2ed85eca73dcab28f2ae89fb4ad9b') in 0.030710 seconds 
  Import took 0.033130 seconds .

========================================================================
Received Import Request.
  Time since last request: 13.481266 seconds.
  path: Assets/Brackeys/2D Mega Pack/Food & Plants
  artifactKey: Guid(44516c448b75181499979d1cb0ca4429) Importer(815301076,1909f56bfc062723c751e8b465ee728b)
Start importing Assets/Brackeys/2D Mega Pack/Food & Plants using Guid(44516c448b75181499979d1cb0ca4429) Importer(815301076,1909f56bfc062723c751e8b465ee728b)  -> (artifact id: 'cf2cd277aad6851bb43a6fb8009fef91') in 0.005347 seconds 
  Import took 0.009323 seconds .

========================================================================
Received Import Request.
  Time since last request: 1.804976 seconds.
  path: Assets/Brackeys/2D Mega Pack/Food & Plants/Vegetation
  artifactKey: Guid(34fa619f3b5d848438592762219b82bf) Importer(815301076,1909f56bfc062723c751e8b465ee728b)
Start importing Assets/Brackeys/2D Mega Pack/Food & Plants/Vegetation using Guid(34fa619f3b5d848438592762219b82bf) Importer(815301076,1909f56bfc062723c751e8b465ee728b)  -> (artifact id: 'b1659ad345a5713eb6a3b40f5697292f') in 0.004987 seconds 
  Import took 0.009119 seconds .

========================================================================
Received Import Request.
  Time since last request: 0.103120 seconds.
  path: Assets/Brackeys/2D Mega Pack/Food & Plants/Vegetation/Flower1.png
  artifactKey: Guid(56da017435c86bc449e9017197ab204b) Importer(815301076,1909f56bfc062723c751e8b465ee728b)
Start importing Assets/Brackeys/2D Mega Pack/Food & Plants/Vegetation/Flower1.png using Guid(56da017435c86bc449e9017197ab204b) Importer(815301076,1909f56bfc062723c751e8b465ee728b)  -> (artifact id: '1cf471efd3aea6a08010ea5bc0a38482') in 0.014020 seconds 
  Import took 0.016691 seconds .

========================================================================
Received Import Request.
  Time since last request: 0.000379 seconds.
  path: Assets/Brackeys/2D Mega Pack/Food & Plants/Vegetation/Moss2.png
  artifactKey: Guid(0cb3ff515b441e74db95c101044704ed) Importer(815301076,1909f56bfc062723c751e8b465ee728b)
Start importing Assets/Brackeys/2D Mega Pack/Food & Plants/Vegetation/Moss2.png using Guid(0cb3ff515b441e74db95c101044704ed) Importer(815301076,1909f56bfc062723c751e8b465ee728b)  -> (artifact id: '8fdd18a34b09bd8f48a8e18af5aac8a2') in 0.085486 seconds 
  Import took 0.110369 seconds .

========================================================================
Received Import Request.
  Time since last request: 0.000920 seconds.
  path: Assets/Brackeys/2D Mega Pack/Food & Plants/Vegetation/Moss1.png
  artifactKey: Guid(177621d0d45130a48a52d74be36888e9) Importer(815301076,1909f56bfc062723c751e8b465ee728b)
Start importing Assets/Brackeys/2D Mega Pack/Food & Plants/Vegetation/Moss1.png using Guid(177621d0d45130a48a52d74be36888e9) Importer(815301076,1909f56bfc062723c751e8b465ee728b)  -> (artifact id: '5891cdc20d11104c566afbcd61365d3a') in 0.127108 seconds 
  Import took 0.166977 seconds .

========================================================================
Received Import Request.
  Time since last request: 0.002078 seconds.
  path: Assets/Brackeys/2D Mega Pack/Food & Plants/Vegetation/Grass1.png
  artifactKey: Guid(edc14a86877cec2468c4b68b83ce0875) Importer(815301076,1909f56bfc062723c751e8b465ee728b)
Start importing Assets/Brackeys/2D Mega Pack/Food & Plants/Vegetation/Grass1.png using Guid(edc14a86877cec2468c4b68b83ce0875) Importer(815301076,1909f56bfc062723c751e8b465ee728b)  -> (artifact id: '5e97cce6deb3dbcd47e94c1c1bb02ffd') in 0.137392 seconds 
  Import took 0.178092 seconds .

========================================================================
Received Import Request.
  Time since last request: 0.001556 seconds.
  path: Assets/Brackeys/2D Mega Pack/Food & Plants/Vegetation/Flower2.png
  artifactKey: Guid(1523363110d51784fa3085b9b74cdfc1) Importer(815301076,1909f56bfc062723c751e8b465ee728b)
Start importing Assets/Brackeys/2D Mega Pack/Food & Plants/Vegetation/Flower2.png using Guid(1523363110d51784fa3085b9b74cdfc1) Importer(815301076,1909f56bfc062723c751e8b465ee728b)  -> (artifact id: '09ffc425a3c1f478873575d26af316a9') in 0.114988 seconds 
  Import took 0.151547 seconds .

========================================================================
Received Import Request.
  Time since last request: 0.002211 seconds.
  path: Assets/Brackeys/2D Mega Pack/Food & Plants/Vegetation/Mushroom2.png
  artifactKey: Guid(2d3590dc51f096d4c85229f5b19c248c) Importer(815301076,1909f56bfc062723c751e8b465ee728b)
Start importing Assets/Brackeys/2D Mega Pack/Food & Plants/Vegetation/Mushroom2.png using Guid(2d3590dc51f096d4c85229f5b19c248c) Importer(815301076,1909f56bfc062723c751e8b465ee728b)  -> (artifact id: 'a7cf2a2c8abc46673c5591b522bc4e15') in 0.164464 seconds 
  Import took 0.195334 seconds .

========================================================================
Received Import Request.
  Time since last request: 0.001124 seconds.
  path: Assets/Brackeys/2D Mega Pack/Food & Plants/Vegetation/Mushroom.png
  artifactKey: Guid(533bbe1c8660d2b4baac22db4296ade3) Importer(815301076,1909f56bfc062723c751e8b465ee728b)
Start importing Assets/Brackeys/2D Mega Pack/Food & Plants/Vegetation/Mushroom.png using Guid(533bbe1c8660d2b4baac22db4296ade3) Importer(815301076,1909f56bfc062723c751e8b465ee728b)  -> (artifact id: 'b4c3feac050e535814103f8a6a265d02') in 0.179537 seconds 
  Import took 0.291283 seconds .

========================================================================
Received Import Request.
  Time since last request: 0.001594 seconds.
  path: Assets/Brackeys/2D Mega Pack/Food & Plants/Vegetation/Flower3.png
  artifactKey: Guid(090685ddfa394cd439be5ce36d30362c) Importer(815301076,1909f56bfc062723c751e8b465ee728b)
Start importing Assets/Brackeys/2D Mega Pack/Food & Plants/Vegetation/Flower3.png using Guid(090685ddfa394cd439be5ce36d30362c) Importer(815301076,1909f56bfc062723c751e8b465ee728b)  -> (artifact id: 'daadf5ac704e2b69d2f93f0e9926b2c7') in 0.165442 seconds 
  Import took 0.186641 seconds .

========================================================================
Received Import Request.
  Time since last request: 1.759834 seconds.
  path: Assets/Brackeys/2D Mega Pack/Food & Plants/Food
  artifactKey: Guid(0f000caa94154724fa31c332daf2347f) Importer(815301076,1909f56bfc062723c751e8b465ee728b)
Start importing Assets/Brackeys/2D Mega Pack/Food & Plants/Food using Guid(0f000caa94154724fa31c332daf2347f) Importer(815301076,1909f56bfc062723c751e8b465ee728b)  -> (artifact id: '086a963564cdbe03390faef6ed6f8496') in 0.003839 seconds 
  Import took 0.006939 seconds .

========================================================================
Received Import Request.
  Time since last request: 0.086729 seconds.
  path: Assets/Brackeys/2D Mega Pack/Food & Plants/Food/Hotwings_Dead.png
  artifactKey: Guid(4634d87584aafe546b622ae2f6e5b9ac) Importer(815301076,1909f56bfc062723c751e8b465ee728b)
Start importing Assets/Brackeys/2D Mega Pack/Food & Plants/Food/Hotwings_Dead.png using Guid(4634d87584aafe546b622ae2f6e5b9ac) Importer(815301076,1909f56bfc062723c751e8b465ee728b)  -> (artifact id: '9ef3b53214aa32636d65bd95d2f1b959') in 0.013468 seconds 
  Import took 0.016741 seconds .

========================================================================
Received Import Request.
  Time since last request: 0.000376 seconds.
  path: Assets/Brackeys/2D Mega Pack/Food & Plants/Food/Hotwings_Seed.png
  artifactKey: Guid(22f9e83bb59e0454687d15a9c1ab5bb3) Importer(815301076,1909f56bfc062723c751e8b465ee728b)
Start importing Assets/Brackeys/2D Mega Pack/Food & Plants/Food/Hotwings_Seed.png using Guid(22f9e83bb59e0454687d15a9c1ab5bb3) Importer(815301076,1909f56bfc062723c751e8b465ee728b)  -> (artifact id: '8951abff3e4c4d5340ef4028c98fbe6d') in 0.022178 seconds 
  Import took 0.025756 seconds .

========================================================================
Received Import Request.
  Time since last request: 0.000437 seconds.
  path: Assets/Brackeys/2D Mega Pack/Food & Plants/Food/Noodles_Dead.png
  artifactKey: Guid(1fc7d2784f39bca4e9158ea31427d79a) Importer(815301076,1909f56bfc062723c751e8b465ee728b)
Start importing Assets/Brackeys/2D Mega Pack/Food & Plants/Food/Noodles_Dead.png using Guid(1fc7d2784f39bca4e9158ea31427d79a) Importer(815301076,1909f56bfc062723c751e8b465ee728b)  -> (artifact id: 'b01e137d26e6af107c2ca26498096d9d') in 0.018404 seconds 
  Import took 0.021978 seconds .

========================================================================
Received Import Request.
  Time since last request: 0.000246 seconds.
  path: Assets/Brackeys/2D Mega Pack/Food & Plants/Food/Pizza_Seed.png
  artifactKey: Guid(8b7076b3e60bb074bbc624219774fbd8) Importer(815301076,1909f56bfc062723c751e8b465ee728b)
Start importing Assets/Brackeys/2D Mega Pack/Food & Plants/Food/Pizza_Seed.png using Guid(8b7076b3e60bb074bbc624219774fbd8) Importer(815301076,1909f56bfc062723c751e8b465ee728b)  -> (artifact id: 'c8e13a261eafe25fe2b6bd1f7bc2636b') in 0.017335 seconds 
  Import took 0.021965 seconds .

========================================================================
Received Import Request.
  Time since last request: 0.000274 seconds.
  path: Assets/Brackeys/2D Mega Pack/Food & Plants/Food/Noodles_Done.png
  artifactKey: Guid(67d91650448db8d4f8c2761c114467a6) Importer(815301076,1909f56bfc062723c751e8b465ee728b)
Start importing Assets/Brackeys/2D Mega Pack/Food & Plants/Food/Noodles_Done.png using Guid(67d91650448db8d4f8c2761c114467a6) Importer(815301076,1909f56bfc062723c751e8b465ee728b)  -> (artifact id: 'fa5b027836e105ea1cb998536b26118d') in 0.016119 seconds 
  Import took 0.020088 seconds .

========================================================================
Received Import Request.
  Time since last request: 0.000260 seconds.
  path: Assets/Brackeys/2D Mega Pack/Food & Plants/Food/Pizza_Done.png
  artifactKey: Guid(c5efe437a3425564a9021a187d541e46) Importer(815301076,1909f56bfc062723c751e8b465ee728b)
Start importing Assets/Brackeys/2D Mega Pack/Food & Plants/Food/Pizza_Done.png using Guid(c5efe437a3425564a9021a187d541e46) Importer(815301076,1909f56bfc062723c751e8b465ee728b)  -> (artifact id: '3514dba83d8a6d7742fc4f50a532b7e1') in 0.018800 seconds 
  Import took 0.022228 seconds .

========================================================================
Received Import Request.
  Time since last request: 0.000289 seconds.
  path: Assets/Brackeys/2D Mega Pack/Food & Plants/Food/Noodles_Seed.png
  artifactKey: Guid(63b9870bbf2ba1a49a01245628db08dd) Importer(815301076,1909f56bfc062723c751e8b465ee728b)
Start importing Assets/Brackeys/2D Mega Pack/Food & Plants/Food/Noodles_Seed.png using Guid(63b9870bbf2ba1a49a01245628db08dd) Importer(815301076,1909f56bfc062723c751e8b465ee728b)  -> (artifact id: 'f17b35eb17efd2b1e5e669643e7f7eaa') in 0.016051 seconds 
  Import took 0.020699 seconds .

========================================================================
Received Import Request.
  Time since last request: 0.000274 seconds.
  path: Assets/Brackeys/2D Mega Pack/Food & Plants/Food/Pizza_Dead.png
  artifactKey: Guid(3dc9277b4d7254c4bb24a43248eea086) Importer(815301076,1909f56bfc062723c751e8b465ee728b)
Start importing Assets/Brackeys/2D Mega Pack/Food & Plants/Food/Pizza_Dead.png using Guid(3dc9277b4d7254c4bb24a43248eea086) Importer(815301076,1909f56bfc062723c751e8b465ee728b)  -> (artifact id: 'c6d26dca5919a6c51e335d95bbd16b8d') in 0.016555 seconds 
  Import took 0.020756 seconds .

========================================================================
Received Import Request.
  Time since last request: 0.000326 seconds.
  path: Assets/Brackeys/2D Mega Pack/Food & Plants/Food/Hotwings_Done.png
  artifactKey: Guid(43c7cd3796487a540973573009a6817f) Importer(815301076,1909f56bfc062723c751e8b465ee728b)
Start importing Assets/Brackeys/2D Mega Pack/Food & Plants/Food/Hotwings_Done.png using Guid(43c7cd3796487a540973573009a6817f) Importer(815301076,1909f56bfc062723c751e8b465ee728b)  -> (artifact id: '3459764e882a05a74893ccb419b61d24') in 0.016719 seconds 
  Import took 0.020261 seconds .

========================================================================
Received Import Request.
  Time since last request: 3.019900 seconds.
  path: Assets/Brackeys/2D Mega Pack/Items & Icons
  artifactKey: Guid(7822755117c5791489d825013b05771e) Importer(815301076,1909f56bfc062723c751e8b465ee728b)
Start importing Assets/Brackeys/2D Mega Pack/Items & Icons using Guid(7822755117c5791489d825013b05771e) Importer(815301076,1909f56bfc062723c751e8b465ee728b)  -> (artifact id: 'a4e7bebfa03720f389d568c905e0e5ab') in 0.005274 seconds 
  Import took 0.008981 seconds .

========================================================================
Received Import Request.
  Time since last request: 2.654705 seconds.
  path: Assets/Brackeys/2D Mega Pack/Items & Icons/Cute
  artifactKey: Guid(733ab9fa9ba9ef646b85074466697c2e) Importer(815301076,1909f56bfc062723c751e8b465ee728b)
Start importing Assets/Brackeys/2D Mega Pack/Items & Icons/Cute using Guid(733ab9fa9ba9ef646b85074466697c2e) Importer(815301076,1909f56bfc062723c751e8b465ee728b)  -> (artifact id: '478047a697de7b9715914b51005294d6') in 0.005857 seconds 
  Import took 0.008941 seconds .

========================================================================
Received Import Request.
  Time since last request: 0.075970 seconds.
  path: Assets/Brackeys/2D Mega Pack/Items & Icons/Cute/Coin.png
  artifactKey: Guid(99af61578a2317c449e29344b2b17479) Importer(815301076,1909f56bfc062723c751e8b465ee728b)
Start importing Assets/Brackeys/2D Mega Pack/Items & Icons/Cute/Coin.png using Guid(99af61578a2317c449e29344b2b17479) Importer(815301076,1909f56bfc062723c751e8b465ee728b)  -> (artifact id: '52534ab364c3cde30a00c43c763df8be') in 0.013365 seconds 
  Import took 0.016189 seconds .

========================================================================
Received Import Request.
  Time since last request: 0.000374 seconds.
  path: Assets/Brackeys/2D Mega Pack/Items & Icons/Cute/Crate.png
  artifactKey: Guid(68a41ff097730fb45a9b2adce184a79d) Importer(815301076,1909f56bfc062723c751e8b465ee728b)
Start importing Assets/Brackeys/2D Mega Pack/Items & Icons/Cute/Crate.png using Guid(68a41ff097730fb45a9b2adce184a79d) Importer(815301076,1909f56bfc062723c751e8b465ee728b)  -> (artifact id: 'a1fc351106f90fa0c08565ff8f2f8de3') in 0.015508 seconds 
  Import took 0.019200 seconds .

========================================================================
Received Import Request.
  Time since last request: 0.000222 seconds.
  path: Assets/Brackeys/2D Mega Pack/Items & Icons/Cute/DinnerTable.png
  artifactKey: Guid(e11c6e74230e7c840a3fbcf8989cb499) Importer(815301076,1909f56bfc062723c751e8b465ee728b)
Start importing Assets/Brackeys/2D Mega Pack/Items & Icons/Cute/DinnerTable.png using Guid(e11c6e74230e7c840a3fbcf8989cb499) Importer(815301076,1909f56bfc062723c751e8b465ee728b)  -> (artifact id: '92e1b6c2281e2bb2dcb3290f373af4ed') in 0.014133 seconds 
  Import took 0.019350 seconds .

========================================================================
Received Import Request.
  Time since last request: 0.000407 seconds.
  path: Assets/Brackeys/2D Mega Pack/Items & Icons/Cute/DinnerTable2.png
  artifactKey: Guid(6f082b6ddb44f9745a815afaaf44245a) Importer(815301076,1909f56bfc062723c751e8b465ee728b)
Start importing Assets/Brackeys/2D Mega Pack/Items & Icons/Cute/DinnerTable2.png using Guid(6f082b6ddb44f9745a815afaaf44245a) Importer(815301076,1909f56bfc062723c751e8b465ee728b)  -> (artifact id: '3a2bbfec832470112e75323c1969ee63') in 0.011458 seconds 
  Import took 0.014089 seconds .

========================================================================
Received Import Request.
  Time since last request: 2.892176 seconds.
  path: Assets/Brackeys/2D Mega Pack/Items & Icons/Gold Miner
  artifactKey: Guid(e54fc2d4cb5b4544c9785a63fee616df) Importer(815301076,1909f56bfc062723c751e8b465ee728b)
Start importing Assets/Brackeys/2D Mega Pack/Items & Icons/Gold Miner using Guid(e54fc2d4cb5b4544c9785a63fee616df) Importer(815301076,1909f56bfc062723c751e8b465ee728b)  -> (artifact id: '39e38d7ef301bf32a2f8b0c25e563f5b') in 0.004740 seconds 
  Import took 0.008695 seconds .

========================================================================
Received Import Request.
  Time since last request: 0.097344 seconds.
  path: Assets/Brackeys/2D Mega Pack/Items & Icons/Gold Miner/Diamond.png
  artifactKey: Guid(d9c7df35c6600dd42b897ce1d9ae898b) Importer(815301076,1909f56bfc062723c751e8b465ee728b)
Start importing Assets/Brackeys/2D Mega Pack/Items & Icons/Gold Miner/Diamond.png using Guid(d9c7df35c6600dd42b897ce1d9ae898b) Importer(815301076,1909f56bfc062723c751e8b465ee728b)  -> (artifact id: '457d5a6c72b47c9daccae440d18fd4f4') in 0.013044 seconds 
  Import took 0.016300 seconds .

========================================================================
Received Import Request.
  Time since last request: 0.000347 seconds.
  path: Assets/Brackeys/2D Mega Pack/Items & Icons/Gold Miner/TV_Animated.png
  artifactKey: Guid(ffa1c3fef166fd6468c8b3168c9a5c27) Importer(815301076,1909f56bfc062723c751e8b465ee728b)
Start importing Assets/Brackeys/2D Mega Pack/Items & Icons/Gold Miner/TV_Animated.png using Guid(ffa1c3fef166fd6468c8b3168c9a5c27) Importer(815301076,1909f56bfc062723c751e8b465ee728b)  -> (artifact id: '150a6429e982de7863c457452bfab7b8') in 0.138745 seconds 
  Import took 0.152117 seconds .

========================================================================
Received Import Request.
  Time since last request: 0.001633 seconds.
  path: Assets/Brackeys/2D Mega Pack/Items & Icons/Gold Miner/Harpoon.png
  artifactKey: Guid(3f40ae8170066bb4d8280a58328eaa8f) Importer(815301076,1909f56bfc062723c751e8b465ee728b)
Start importing Assets/Brackeys/2D Mega Pack/Items & Icons/Gold Miner/Harpoon.png using Guid(3f40ae8170066bb4d8280a58328eaa8f) Importer(815301076,1909f56bfc062723c751e8b465ee728b)  -> (artifact id: '14ce8fe8022553ab2b484ec71b475381') in 0.131683 seconds 
  Import took 0.174519 seconds .

========================================================================
Received Import Request.
  Time since last request: 0.001750 seconds.
  path: Assets/Brackeys/2D Mega Pack/Items & Icons/Gold Miner/Gold01.png
  artifactKey: Guid(87850260d0f08224e887e1c55590c081) Importer(815301076,1909f56bfc062723c751e8b465ee728b)
Start importing Assets/Brackeys/2D Mega Pack/Items & Icons/Gold Miner/Gold01.png using Guid(87850260d0f08224e887e1c55590c081) Importer(815301076,1909f56bfc062723c751e8b465ee728b)  -> (artifact id: '1fefe34ff069f9abb14ca3f4b3d0a668') in 0.149107 seconds 
  Import took 0.187561 seconds .

========================================================================
Received Import Request.
  Time since last request: 0.001720 seconds.
  path: Assets/Brackeys/2D Mega Pack/Items & Icons/Gold Miner/Tape.png
  artifactKey: Guid(40c498d119203b24f871fd46978c7b48) Importer(815301076,1909f56bfc062723c751e8b465ee728b)
Start importing Assets/Brackeys/2D Mega Pack/Items & Icons/Gold Miner/Tape.png using Guid(40c498d119203b24f871fd46978c7b48) Importer(815301076,1909f56bfc062723c751e8b465ee728b)  -> (artifact id: 'dcfaf5b1042a33e790f84f3184d0a7e8') in 0.163803 seconds 
  Import took 0.236317 seconds .

========================================================================
Received Import Request.
  Time since last request: 0.002618 seconds.
  path: Assets/Brackeys/2D Mega Pack/Items & Icons/Gold Miner/Phone.png
  artifactKey: Guid(ab13573ac7c44714d9eee118f1c540d5) Importer(815301076,1909f56bfc062723c751e8b465ee728b)
Start importing Assets/Brackeys/2D Mega Pack/Items & Icons/Gold Miner/Phone.png using Guid(ab13573ac7c44714d9eee118f1c540d5) Importer(815301076,1909f56bfc062723c751e8b465ee728b)  -> (artifact id: 'f323941e745dcd0feffb95e990435413') in 0.289184 seconds 
  Import took 0.328278 seconds .

========================================================================
Received Import Request.
  Time since last request: 0.001451 seconds.
  path: Assets/Brackeys/2D Mega Pack/Items & Icons/Gold Miner/Hook.png
  artifactKey: Guid(cce7f5ea931569049963cde10e4e5d77) Importer(815301076,1909f56bfc062723c751e8b465ee728b)
Start importing Assets/Brackeys/2D Mega Pack/Items & Icons/Gold Miner/Hook.png using Guid(cce7f5ea931569049963cde10e4e5d77) Importer(815301076,1909f56bfc062723c751e8b465ee728b)  -> (artifact id: '8dcc3ffe39431c7ad6ce99cec4fbc3ea') in 0.221783 seconds 
  Import took 0.263351 seconds .

========================================================================
Received Import Request.
  Time since last request: 1.062832 seconds.
  path: Assets/Brackeys/2D Mega Pack/Items & Icons/Gothic
  artifactKey: Guid(58b1438d49316bd4085ec09a8ef549bd) Importer(815301076,1909f56bfc062723c751e8b465ee728b)
Start importing Assets/Brackeys/2D Mega Pack/Items & Icons/Gothic using Guid(58b1438d49316bd4085ec09a8ef549bd) Importer(815301076,1909f56bfc062723c751e8b465ee728b)  -> (artifact id: 'cf8709eb7c1539333636c1db9b81b115') in 0.004203 seconds 
  Import took 0.008020 seconds .

========================================================================
Received Import Request.
  Time since last request: 0.088036 seconds.
  path: Assets/Brackeys/2D Mega Pack/Items & Icons/Gothic/Skull.png
  artifactKey: Guid(1c84373cf4be81c44b97ce70ed9d78e6) Importer(815301076,1909f56bfc062723c751e8b465ee728b)
Start importing Assets/Brackeys/2D Mega Pack/Items & Icons/Gothic/Skull.png using Guid(1c84373cf4be81c44b97ce70ed9d78e6) Importer(815301076,1909f56bfc062723c751e8b465ee728b)  -> (artifact id: '6670e279fc05cae12c65d2def0b70961') in 0.011484 seconds 
  Import took 0.014730 seconds .

========================================================================
Received Import Request.
  Time since last request: 0.000250 seconds.
  path: Assets/Brackeys/2D Mega Pack/Items & Icons/Gothic/SoulFragment.png
  artifactKey: Guid(ec6b13a5ffa52bc45b7eeb8e5f69c6a9) Importer(815301076,1909f56bfc062723c751e8b465ee728b)
Start importing Assets/Brackeys/2D Mega Pack/Items & Icons/Gothic/SoulFragment.png using Guid(ec6b13a5ffa52bc45b7eeb8e5f69c6a9) Importer(815301076,1909f56bfc062723c751e8b465ee728b)  -> (artifact id: 'b93e0ce8b5b32b381ed0a0bf72d0a4d6') in 0.015658 seconds 
  Import took 0.019147 seconds .

========================================================================
Received Import Request.
  Time since last request: 1.576458 seconds.
  path: Assets/Brackeys/2D Mega Pack/Items & Icons/Grungy
  artifactKey: Guid(ef61f69fb30101f48acd961b4dbaa582) Importer(815301076,1909f56bfc062723c751e8b465ee728b)
Start importing Assets/Brackeys/2D Mega Pack/Items & Icons/Grungy using Guid(ef61f69fb30101f48acd961b4dbaa582) Importer(815301076,1909f56bfc062723c751e8b465ee728b)  -> (artifact id: '4d6fdd6757628d837e26e517a6c6a8a8') in 0.005214 seconds 
  Import took 0.009679 seconds .

========================================================================
Received Import Request.
  Time since last request: 0.073470 seconds.
  path: Assets/Brackeys/2D Mega Pack/Items & Icons/Grungy/Bullet.png
  artifactKey: Guid(61f1ea0354dcb6b478b4e36c6e19e6e4) Importer(815301076,1909f56bfc062723c751e8b465ee728b)
Start importing Assets/Brackeys/2D Mega Pack/Items & Icons/Grungy/Bullet.png using Guid(61f1ea0354dcb6b478b4e36c6e19e6e4) Importer(815301076,1909f56bfc062723c751e8b465ee728b)  -> (artifact id: '1ab5e502025e206dc28faf935d91a70a') in 0.013688 seconds 
  Import took 0.016633 seconds .

========================================================================
Received Import Request.
  Time since last request: 0.000239 seconds.
  path: Assets/Brackeys/2D Mega Pack/Items & Icons/Grungy/WoodCrate.png
  artifactKey: Guid(082f7453675a9e3468a060e0b75fafc7) Importer(815301076,1909f56bfc062723c751e8b465ee728b)
Start importing Assets/Brackeys/2D Mega Pack/Items & Icons/Grungy/WoodCrate.png using Guid(082f7453675a9e3468a060e0b75fafc7) Importer(815301076,1909f56bfc062723c751e8b465ee728b)  -> (artifact id: '384a60e5847abda778910a11a8db9342') in 0.022023 seconds 
  Import took 0.027287 seconds .

========================================================================
Received Import Request.
  Time since last request: 0.000326 seconds.
  path: Assets/Brackeys/2D Mega Pack/Items & Icons/Grungy/ShotgunShell.png
  artifactKey: Guid(4f2abf352097c5a4196021775f71ab2b) Importer(815301076,1909f56bfc062723c751e8b465ee728b)
Start importing Assets/Brackeys/2D Mega Pack/Items & Icons/Grungy/ShotgunShell.png using Guid(4f2abf352097c5a4196021775f71ab2b) Importer(815301076,1909f56bfc062723c751e8b465ee728b)  -> (artifact id: 'fb6c328b4778d1846dd5d774d68bfe79') in 0.018291 seconds 
  Import took 0.022205 seconds .

========================================================================
Received Import Request.
  Time since last request: 1.893938 seconds.
  path: Assets/Brackeys/2D Mega Pack/Items & Icons/Minimalistic
  artifactKey: Guid(d1ec5748bae8ea944b6253f8de078345) Importer(815301076,1909f56bfc062723c751e8b465ee728b)
Start importing Assets/Brackeys/2D Mega Pack/Items & Icons/Minimalistic using Guid(d1ec5748bae8ea944b6253f8de078345) Importer(815301076,1909f56bfc062723c751e8b465ee728b)  -> (artifact id: '6ecc8f41421448e7439f9043df3acb75') in 0.004894 seconds 
  Import took 0.008230 seconds .

========================================================================
Received Import Request.
  Time since last request: 0.073826 seconds.
  path: Assets/Brackeys/2D Mega Pack/Items & Icons/Minimalistic/Ball.png
  artifactKey: Guid(47d9d270483767d44b2ef0a8da994f67) Importer(815301076,1909f56bfc062723c751e8b465ee728b)
Start importing Assets/Brackeys/2D Mega Pack/Items & Icons/Minimalistic/Ball.png using Guid(47d9d270483767d44b2ef0a8da994f67) Importer(815301076,1909f56bfc062723c751e8b465ee728b)  -> (artifact id: '325e9e7a956d88f4b86528b3a1728dd5') in 0.014521 seconds 
  Import took 0.017294 seconds .

========================================================================
Received Import Request.
  Time since last request: 0.000369 seconds.
  path: Assets/Brackeys/2D Mega Pack/Items & Icons/Minimalistic/Wall.png
  artifactKey: Guid(3363b1041f3eea04699cb58b11d2f208) Importer(815301076,1909f56bfc062723c751e8b465ee728b)
Start importing Assets/Brackeys/2D Mega Pack/Items & Icons/Minimalistic/Wall.png using Guid(3363b1041f3eea04699cb58b11d2f208) Importer(815301076,1909f56bfc062723c751e8b465ee728b)  -> (artifact id: 'aae2f25aec2c68f20aa6ba6e64a62b2c') in 0.037031 seconds 
  Import took 0.055373 seconds .

========================================================================
Received Import Request.
  Time since last request: 0.002564 seconds.
  path: Assets/Brackeys/2D Mega Pack/Items & Icons/Minimalistic/MidLine.png
  artifactKey: Guid(96a46c8d2a33f494e82f6385dfdbcc26) Importer(815301076,1909f56bfc062723c751e8b465ee728b)
Start importing Assets/Brackeys/2D Mega Pack/Items & Icons/Minimalistic/MidLine.png using Guid(96a46c8d2a33f494e82f6385dfdbcc26) Importer(815301076,1909f56bfc062723c751e8b465ee728b)  -> (artifact id: '1e107a5e32b966bb309865abe8fc5352') in 0.149901 seconds 
  Import took 0.168189 seconds .

========================================================================
Received Import Request.
  Time since last request: 0.003638 seconds.
  path: Assets/Brackeys/2D Mega Pack/Items & Icons/Minimalistic/Goal.png
  artifactKey: Guid(cc6b5425952bc7544851889cb4d154c6) Importer(815301076,1909f56bfc062723c751e8b465ee728b)
Start importing Assets/Brackeys/2D Mega Pack/Items & Icons/Minimalistic/Goal.png using Guid(cc6b5425952bc7544851889cb4d154c6) Importer(815301076,1909f56bfc062723c751e8b465ee728b)  -> (artifact id: 'd18c10c263a6b4a94b2b197e257fcaf2') in 0.167263 seconds 
  Import took 0.195365 seconds .

========================================================================
Received Import Request.
  Time since last request: 7.188571 seconds.
  path: Assets/Brackeys/2D Mega Pack/Weapons & Tools
  artifactKey: Guid(f9dbb76816c806545b90a9b41245c7cc) Importer(815301076,1909f56bfc062723c751e8b465ee728b)
Start importing Assets/Brackeys/2D Mega Pack/Weapons & Tools using Guid(f9dbb76816c806545b90a9b41245c7cc) Importer(815301076,1909f56bfc062723c751e8b465ee728b)  -> (artifact id: 'a38f8c0193de4d801a36345f1256a97c') in 0.005447 seconds 
  Import took 0.009002 seconds .

========================================================================
Received Import Request.
  Time since last request: 0.070077 seconds.
  path: Assets/Brackeys/2D Mega Pack/Weapons & Tools/Axe.png
  artifactKey: Guid(8708d80070522a043a1ab6a2b2775382) Importer(815301076,1909f56bfc062723c751e8b465ee728b)
Start importing Assets/Brackeys/2D Mega Pack/Weapons & Tools/Axe.png using Guid(8708d80070522a043a1ab6a2b2775382) Importer(815301076,1909f56bfc062723c751e8b465ee728b)  -> (artifact id: '469390d01806a4b83f1197646f5fad0b') in 0.012697 seconds 
  Import took 0.015675 seconds .

========================================================================
Received Import Request.
  Time since last request: 0.000350 seconds.
  path: Assets/Brackeys/2D Mega Pack/Weapons & Tools/Pickaxe.png
  artifactKey: Guid(45cfe68fb47a8514f96477d0fb432286) Importer(815301076,1909f56bfc062723c751e8b465ee728b)
Start importing Assets/Brackeys/2D Mega Pack/Weapons & Tools/Pickaxe.png using Guid(45cfe68fb47a8514f96477d0fb432286) Importer(815301076,1909f56bfc062723c751e8b465ee728b)  -> (artifact id: '505e6cba8f88a3522f8cddb93a8d84bf') in 0.039225 seconds 
  Import took 0.055599 seconds .

========================================================================
Received Import Request.
  Time since last request: 0.001258 seconds.
  path: Assets/Brackeys/2D Mega Pack/Weapons & Tools/Staff.png
  artifactKey: Guid(3aa1cb26afcdc244bb3a95c193575ecb) Importer(815301076,1909f56bfc062723c751e8b465ee728b)
Start importing Assets/Brackeys/2D Mega Pack/Weapons & Tools/Staff.png using Guid(3aa1cb26afcdc244bb3a95c193575ecb) Importer(815301076,1909f56bfc062723c751e8b465ee728b)  -> (artifact id: '9c24c498b07f830ec7c0f57f6e4a50f6') in 0.099778 seconds 
  Import took 0.133160 seconds .

========================================================================
Received Import Request.
  Time since last request: 0.002628 seconds.
  path: Assets/Brackeys/2D Mega Pack/Weapons & Tools/FishingRod.png
  artifactKey: Guid(1959adfdc5c338840858eec9307f0184) Importer(815301076,1909f56bfc062723c751e8b465ee728b)
Start importing Assets/Brackeys/2D Mega Pack/Weapons & Tools/FishingRod.png using Guid(1959adfdc5c338840858eec9307f0184) Importer(815301076,1909f56bfc062723c751e8b465ee728b)  -> (artifact id: '99c82c66271f660d3014ad9135cef15d') in 0.106034 seconds 
  Import took 0.130131 seconds .

========================================================================
Received Import Request.
  Time since last request: 0.002381 seconds.
  path: Assets/Brackeys/2D Mega Pack/Weapons & Tools/Sword.png
  artifactKey: Guid(b2f3327f47464544293b6b9018e1296e) Importer(815301076,1909f56bfc062723c751e8b465ee728b)
Start importing Assets/Brackeys/2D Mega Pack/Weapons & Tools/Sword.png using Guid(b2f3327f47464544293b6b9018e1296e) Importer(815301076,1909f56bfc062723c751e8b465ee728b)  -> (artifact id: '2bbae2d91f31b39ae05287d1f155207c') in 0.151772 seconds 
  Import took 0.173061 seconds .

========================================================================
Received Import Request.
  Time since last request: 0.001426 seconds.
  path: Assets/Brackeys/2D Mega Pack/Weapons & Tools/Spear.png
  artifactKey: Guid(bf28d1ab5e5c42e4aa2c9b729c09fce3) Importer(815301076,1909f56bfc062723c751e8b465ee728b)
Start importing Assets/Brackeys/2D Mega Pack/Weapons & Tools/Spear.png using Guid(bf28d1ab5e5c42e4aa2c9b729c09fce3) Importer(815301076,1909f56bfc062723c751e8b465ee728b)  -> (artifact id: '80599baa019b66442d891a3d7450117c') in 0.173063 seconds 
  Import took 0.207456 seconds .

========================================================================
Received Import Request.
  Time since last request: 0.001719 seconds.
  path: Assets/Brackeys/2D Mega Pack/Weapons & Tools/Club.png
  artifactKey: Guid(06140cc248b05d2488fbb6493ce5fd11) Importer(815301076,1909f56bfc062723c751e8b465ee728b)
Start importing Assets/Brackeys/2D Mega Pack/Weapons & Tools/Club.png using Guid(06140cc248b05d2488fbb6493ce5fd11) Importer(815301076,1909f56bfc062723c751e8b465ee728b)  -> (artifact id: '188059cf82e3bb7e4de7ca37f29db8cb') in 0.166771 seconds 
  Import took 0.224155 seconds .

========================================================================
Received Import Request.
  Time since last request: 0.003536 seconds.
  path: Assets/Brackeys/2D Mega Pack/Weapons & Tools/WateringCan.png
  artifactKey: Guid(8dfb7eb4494cbe14eabf0fda5056d27d) Importer(815301076,1909f56bfc062723c751e8b465ee728b)
Start importing Assets/Brackeys/2D Mega Pack/Weapons & Tools/WateringCan.png using Guid(8dfb7eb4494cbe14eabf0fda5056d27d) Importer(815301076,1909f56bfc062723c751e8b465ee728b)  -> (artifact id: '3e0eff5c452cec5084b4671caefcc854') in 0.163859 seconds 
  Import took 0.225115 seconds .

========================================================================
Received Import Request.
  Time since last request: 0.001873 seconds.
  path: Assets/Brackeys/2D Mega Pack/Weapons & Tools/Plow.png
  artifactKey: Guid(72786b43084161c4c81e83eef0990e1a) Importer(815301076,1909f56bfc062723c751e8b465ee728b)
Start importing Assets/Brackeys/2D Mega Pack/Weapons & Tools/Plow.png using Guid(72786b43084161c4c81e83eef0990e1a) Importer(815301076,1909f56bfc062723c751e8b465ee728b)  -> (artifact id: '7c285a2cb5804aafa5dc127fafba4b43') in 0.156175 seconds 
  Import took 0.208936 seconds .

AssetImportWorkerClient::OnTransportError - code=2 error=End of file
